2021-09-25 11:36:43,209 INFO o.a.j.u.JMeterUtils: Setting Locale to en_EN
2021-09-25 11:36:43,209 INFO o.a.j.JMeter: Loading user properties from: user.properties
2021-09-25 11:36:43,209 INFO o.a.j.JMeter: Loading system properties from: system.properties
2021-09-25 11:36:43,225 INFO o.a.j.JMeter: Copyright (c) 1998-2021 The Apache Software Foundation
2021-09-25 11:36:43,225 INFO o.a.j.JMeter: Version 5.4.1
2021-09-25 11:36:43,225 INFO o.a.j.JMeter: java.version=1.8.0_302
2021-09-25 11:36:43,225 INFO o.a.j.JMeter: java.vm.name=OpenJDK 64-Bit Server VM
2021-09-25 11:36:43,225 INFO o.a.j.JMeter: os.name=Windows Server 2019
2021-09-25 11:36:43,225 INFO o.a.j.JMeter: os.arch=amd64
2021-09-25 11:36:43,225 INFO o.a.j.JMeter: os.version=10.0
2021-09-25 11:36:43,225 INFO o.a.j.JMeter: file.encoding=Cp1252
2021-09-25 11:36:43,225 INFO o.a.j.JMeter: java.awt.headless=true
2021-09-25 11:36:43,225 INFO o.a.j.JMeter: Max memory     =1073741824
2021-09-25 11:36:43,225 INFO o.a.j.JMeter: Available Processors =16
2021-09-25 11:36:43,225 INFO o.a.j.JMeter: Default Locale=English (EN)
2021-09-25 11:36:43,225 INFO o.a.j.JMeter: JMeter  Locale=English (EN)
2021-09-25 11:36:43,225 INFO o.a.j.JMeter: JMeterHome=C:\Users\Administrator\Downloads\apache-jmeter-5.4.1
2021-09-25 11:36:43,225 INFO o.a.j.JMeter: user.dir  =C:\Users\Administrator\Downloads\apache-jmeter-5.4.1\bin
2021-09-25 11:36:43,225 INFO o.a.j.JMeter: PWD       =C:\Users\Administrator\Downloads\apache-jmeter-5.4.1\bin
2021-09-25 11:36:43,241 INFO o.a.j.JMeter: IP: 10.80.84.107 Name: EC2AMAZ-6AC1DNN FullName: 10.80.84.107
2021-09-25 11:36:43,241 INFO o.a.j.r.RmiUtils: Disabling SSL for RMI as server.rmi.ssl.disable is set to 'true'
2021-09-25 11:36:43,241 INFO o.a.j.r.RmiUtils: Disabling SSL for RMI as server.rmi.ssl.disable is set to 'true'
2021-09-25 11:36:43,319 INFO o.a.j.e.RemoteJMeterEngineImpl: Starting backing engine on 1099
2021-09-25 11:36:43,319 INFO o.a.j.r.RmiUtils: System property 'java.rmi.server.hostname' is not defined, using localHost address
2021-09-25 11:36:43,319 INFO o.a.j.r.RmiUtils: Local IP address=10.80.84.107
2021-09-25 11:36:43,319 INFO o.a.j.e.RemoteJMeterEngineImpl: IP address is a site-local address; this may cause problems with remote access.
	Can be overridden by defining the system property 'java.rmi.server.hostname' - see jmeter-server script file
2021-09-25 11:36:43,319 INFO o.a.j.e.RemoteJMeterEngineImpl: Creating RMI registry (server.rmi.create=true)
2021-09-25 11:36:43,319 INFO o.a.j.r.RmiUtils: Disabling SSL for RMI as server.rmi.ssl.disable is set to 'true'
2021-09-25 11:36:43,319 INFO o.a.j.r.RmiUtils: Disabling SSL for RMI as server.rmi.ssl.disable is set to 'true'
2021-09-25 11:36:43,319 INFO o.a.j.e.RemoteJMeterEngineImpl: Bound to RMI registry on port 1099
